<?xml version="1.0" encoding="UTF-8"?>
<!-- Generated by org.testng.reporters.JUnitReportReporter -->
<testsuite hostname="LAPTOP-52NKCSNC" failures="0" tests="3" name="stepDefinitions.Runner" time="0.117" errors="0" timestamp="2022-09-29T21:38:02 IST" skipped="0">
  <testcase classname="stepDefinitions.Runner" name="runScenario" time="0.008"/>
  <system-out/>
  <testcase classname="stepDefinitions.Runner" name="runScenario" time="0.095"/>
  <system-out/>
  <testcase classname="stepDefinitions.Runner" name="runScenario" time="0.014"/>
  <system-out/>
</testsuite> <!-- stepDefinitions.Runner -->
